2025-10-13T02:42:46 | touched: hardhat.config.js
2026-01-15T05:59:34 | touched: scripts/deploy.js
2026-01-08T11:40:47 | touched: contracts/Ethereumnode.sol
2026-01-19T18:38:24 | touched: .env.example
2026-01-18T21:51:20 | touched: README.md
2026-01-06T03:40:23 | touched: README.md
2026-01-05T10:06:53 | touched: package.json
2025-01-11T22:39:24 | touched: package.json
2026-01-10T18:01:33 | touched: contracts/Ethereumnode.sol
2025-03-02T18:17:46 | touched: .env.example
2026-01-10T03:24:27 | touched: hardhat.config.js
2026-01-02T02:46:57 | touched: .env.example
2026-01-03T21:53:18 | touched: scripts/deploy.js
2025-11-01T13:48:16 | touched: LICENSE
2025-01-08T01:26:06 | touched: hardhat.config.js
2025-12-28T05:29:38 | touched: hardhat.config.js
2025-02-20T20:17:49 | touched: contracts/Ethereumnode.sol
2025-04-17T20:41:49 | touched: README.md
2025-06-19T06:54:57 | touched: README.md
2025-06-16T09:23:19 | touched: package.json
2025-10-17T01:43:19 | touched: hardhat.config.js
2025-12-12T16:56:15 | touched: .env.example
2025-10-06T14:56:22 | touched: .env.example
2025-03-18T07:33:37 | touched: .env.example
2025-03-11T12:18:38 | touched: hardhat.config.js
2025-12-08T14:24:25 | touched: README.md
2025-03-23T11:27:07 | touched: hardhat.config.js
2025-11-15T05:26:53 | touched: .env.example
2025-03-19T16:48:48 | touched: LICENSE
2025-05-17T02:50:44 | touched: hardhat.config.js
2025-11-25T09:02:13 | touched: package.json
2025-04-10T04:55:00 | touched: .env.example
